#-----------------------------------------------------------
# Vivado v2018.2.1 (64-bit)
# SW Build 2288692 on Thu Jul 26 18:24:02 MDT 2018
# IP Build 2289599 on Thu Jul 26 21:09:20 MDT 2018
# Start of session at: Mon Dec  3 18:01:04 2018
# Process ID: 13848
# Current directory: Z:/CS-373-1/PasaGadi
# Command line: vivado.exe -gui_launcher_event rodinguilauncherevent4168 Z:\CS-373-1\PasaGadi\PasaGadi.xpr
# Log file: Z:/CS-373-1/PasaGadi/vivado.log
# Journal file: Z:/CS-373-1/PasaGadi\vivado.jou
#-----------------------------------------------------------
start_gui
open_project Z:/CS-373-1/PasaGadi/PasaGadi.xpr
Scanning sources...
Finished scanning sources
INFO: [IP_Flow 19-234] Refreshing IP repositories
INFO: [IP_Flow 19-1704] No user IP repositories specified
INFO: [IP_Flow 19-2313] Loaded Vivado IP repository 'C:/Xilinx/Vivado/2018.2/data/ip'.
import_files {C:/Users/asthapit21/Desktop/2_bouncing_box_with_collisions_and_buttons/bouncing_box_with_collisions_and_buttons.srcs/sources_1/imports/bouncing_box_with_background_and_btn/vga_sync.vhd C:/Users/asthapit21/Desktop/2_bouncing_box_with_collisions_and_buttons/bouncing_box_with_collisions_and_buttons.srcs/sources_1/imports/bouncing_box_with_background_and_btn/bouncing_box.vhd C:/Users/asthapit21/Desktop/2_bouncing_box_with_collisions_and_buttons/bouncing_box_with_collisions_and_buttons.srcs/sources_1/new/Synchronizer.vhd}
update_compile_order -fileset sources_1
update_compile_order -fileset sources_1
update_compile_order -fileset sources_1
update_compile_order -fileset sources_1
