#-----------------------------------------------------------
# Vivado v2018.2.1 (64-bit)
# SW Build 2288692 on Thu Jul 26 18:24:02 MDT 2018
# IP Build 2289599 on Thu Jul 26 21:09:20 MDT 2018
# Start of session at: Mon Dec 10 13:12:36 2018
# Process ID: 6360
# Current directory: Z:/CS-373-1/PasaGadi
# Command line: vivado.exe -gui_launcher_event rodinguilauncherevent9872 Z:\CS-373-1\PasaGadi\PasaGadi.xpr
# Log file: Z:/CS-373-1/PasaGadi/vivado.log
# Journal file: Z:/CS-373-1/PasaGadi\vivado.jou
#-----------------------------------------------------------
start_gui
open_project Z:/CS-373-1/PasaGadi/PasaGadi.xpr
Scanning sources...
Finished scanning sources
INFO: [IP_Flow 19-234] Refreshing IP repositories
INFO: [IP_Flow 19-1704] No user IP repositories specified
INFO: [IP_Flow 19-2313] Loaded Vivado IP repository 'C:/Xilinx/Vivado/2018.2/data/ip'.
open_project: Time (s): cpu = 00:00:20 ; elapsed = 00:00:10 . Memory (MB): peak = 909.469 ; gain = 201.379
update_compile_order -fileset sources_1
exit
INFO: [Common 17-206] Exiting Vivado at Mon Dec 10 13:52:23 2018...
