#-----------------------------------------------------------
# Vivado v2018.2.1 (64-bit)
# SW Build 2288692 on Thu Jul 26 18:24:02 MDT 2018
# IP Build 2289599 on Thu Jul 26 21:09:20 MDT 2018
# Start of session at: Mon Dec  3 17:58:22 2018
# Process ID: 2968
# Current directory: Z:/CS-373-1/PasaGadi
# Command line: vivado.exe -gui_launcher_event rodinguilauncherevent10076 Z:\CS-373-1\PasaGadi\PasaGadi.xpr
# Log file: Z:/CS-373-1/PasaGadi/vivado.log
# Journal file: Z:/CS-373-1/PasaGadi\vivado.jou
#-----------------------------------------------------------
start_gui
open_project Z:/CS-373-1/PasaGadi/PasaGadi.xpr
Scanning sources...
Finished scanning sources
INFO: [IP_Flow 19-234] Refreshing IP repositories
INFO: [IP_Flow 19-1704] No user IP repositories specified
INFO: [IP_Flow 19-2313] Loaded Vivado IP repository 'C:/Xilinx/Vivado/2018.2/data/ip'.
open_project: Time (s): cpu = 00:00:11 ; elapsed = 00:00:09 . Memory (MB): peak = 787.023 ; gain = 52.074
exit
INFO: [Common 17-206] Exiting Vivado at Mon Dec  3 18:01:00 2018...
